#
# A fatal error has been detected by the Java Runtime Environment:
#
#  EXCEPTION_ACCESS_VIOLATION (0xc0000005) at pc=0x0000000002d81066, pid=7440, tid=0x0000000000003528
#
# JRE version: Java(TM) SE Runtime Environment (8.0_221-b11) (build 1.8.0_221-b11)
# Java VM: Java HotSpot(TM) 64-Bit Server VM (25.221-b11 mixed mode windows-amd64 compressed oops)
# Problematic frame:
# C  [OpenAL64.dll+0x11066]
#
# Failed to write core dump. Minidumps are not enabled by default on client versions of Windows
#
# If you would like to submit a bug report, please visit:
#   http://bugreport.java.com/bugreport/crash.jsp
# The crash happened outside the Java Virtual Machine in native code.
# See problematic frame for where to report the bug.
#

---------------  T H R E A D  ---------------

Current thread (0x0000000002e16800):  JavaThread "main" [_thread_in_native, id=13608, stack(0x0000000002c70000,0x0000000002d70000)]

siginfo: ExceptionCode=0xc0000005, reading address 0x000000001ac68004

Registers:
RAX=0x0000000000000001, RBX=0x000000001e610090, RCX=0x000000001ac68008, RDX=0x000000001ac68004
RSP=0x0000000002d6be30, RBP=0x00000000000000ff, RSI=0x000000001ac5937c, RDI=0x0000000000000000
R8 =0x0000000000003b22, R9 =0x000000001ac5937c, R10=0x0000000002f28c3b, R11=0x000000006b58ce30
R12=0x0000000000000001, R13=0x000000001e2812d8, R14=0x0000000002d6bfd0, R15=0x0000000002e16800
RIP=0x0000000002d81066, EFLAGS=0x0000000000010202

Top of Stack: (sp=0x0000000002d6be30)
0x0000000002d6be30:   0000000000000000 00000000195f8750
0x0000000002d6be40:   0000000002e07b90 0000000002e16800
0x0000000002d6be50:   000000001e2812d8 0000000000000000
0x0000000002d6be60:   0000000002e16800 0000000002e07b90
0x0000000002d6be70:   000000001e2812d8 0000000002d6bfd0
0x0000000002d6be80:   0000000002e16660 000000006b41c336
0x0000000002d6be90:   0000000002d6c768 0000000002e172d0
0x0000000002d6bea0:   0000000002e16800 0000000002d6bfd0
0x0000000002d6beb0:   000000001e2812d8 0000000000000000
0x0000000002d6bec0:   000000001ac5937c 0000000000000248
0x0000000002d6bed0:   0000000002d6bf98 0000000002d8248f
0x0000000002d6bee0:   000000001e610090 000000001e610090
0x0000000002d6bef0:   000000000000ac44 0000000000000001
0x0000000002d6bf00:   0000000002f17e70 0000000002f28c67
0x0000000002d6bf10:   000000001e2812d8 0000000002f17e70
0x0000000002d6bf20:   0000000002f17e70 0000000002f289ab 

Instructions: (pc=0x0000000002d81066)
0x0000000002d81046:   41 2b ec 81 3a 03 00 02 00 75 09 8b 01 89 84 24
0x0000000002d81056:   c8 00 00 00 49 83 c0 02 48 83 c1 08 4a 8d 14 86
0x0000000002d81066:   39 3a 75 af 4c 8d 84 24 c0 00 00 00 48 8d 15 d7
0x0000000002d81076:   2b 03 00 33 c9 e8 58 5f 00 00 b8 40 1f 00 00 4c 


Register to memory mapping:

RAX=0x0000000000000001 is an unknown value
RBX=0x000000001e610090 is an unknown value
RCX=0x000000001ac68008 is an unknown value
RDX=0x000000001ac68004 is an unknown value
RSP=0x0000000002d6be30 is pointing into the stack for thread: 0x0000000002e16800
RBP=0x00000000000000ff is an unknown value
RSI=0x000000001ac5937c is an unknown value
RDI=0x0000000000000000 is an unknown value
R8 =0x0000000000003b22 is an unknown value
R9 =0x000000001ac5937c is an unknown value
R10=0x0000000002f28c3b is at code_begin+891 in an Interpreter codelet
method entry point (kind = native)  [0x0000000002f288c0, 0x0000000002f29280]  2496 bytes
R11=0x000000006b58ce30 is an unknown value
R12=0x0000000000000001 is an unknown value
R13={method} {0x000000001e2812e0} 'nalcCreateContext' '(JJ)J' in 'org/lwjgl/openal/ALC10'
R14=0x0000000002d6bfd0 is pointing into the stack for thread: 0x0000000002e16800
R15=0x0000000002e16800 is a thread


Stack: [0x0000000002c70000,0x0000000002d70000],  sp=0x0000000002d6be30,  free space=1007k
Native frames: (J=compiled Java code, j=interpreted, Vv=VM code, C=native code)
C  [OpenAL64.dll+0x11066]
C  [OpenAL64.dll+0x1248f]
C  0x0000000002f28c67

Java frames: (J=compiled Java code, j=interpreted, Vv=VM code)
j  org.lwjgl.openal.ALC10.nalcCreateContext(JJ)J+0
j  org.lwjgl.openal.ALC10.alcCreateContext(Lorg/lwjgl/openal/ALCdevice;Ljava/nio/IntBuffer;)Lorg/lwjgl/openal/ALCcontext;+8
j  org.lwjgl.openal.AL.init(Ljava/lang/String;IIZZ)V+69
j  org.lwjgl.openal.AL.create(Ljava/lang/String;IIZZ)V+246
j  org.lwjgl.openal.AL.create(Ljava/lang/String;IIZ)V+5
j  org.lwjgl.openal.AL.create()V+6
j  com.badlogic.gdx.backends.lwjgl.audio.OpenALAudio.<init>(III)V+114
j  com.badlogic.gdx.backends.lwjgl.LwjglApplication.<init>(Lcom/badlogic/gdx/ApplicationListener;Lcom/badlogic/gdx/backends/lwjgl/LwjglApplicationConfiguration;Lcom/badlogic/gdx/backends/lwjgl/LwjglGraphics;)V+120
j  com.badlogic.gdx.backends.lwjgl.LwjglApplication.<init>(Lcom/badlogic/gdx/ApplicationListener;Lcom/badlogic/gdx/backends/lwjgl/LwjglApplicationConfiguration;)V+11
j  org.uqbar.project.wollok.game.gameboard.WollokGDXApplication.<init>(Lorg/uqbar/project/wollok/game/gameboard/Gameboard;Ljava/lang/Boolean;)V+17
j  org.uqbar.project.wollok.game.helpers.Application.start(Lorg/uqbar/project/wollok/game/gameboard/Gameboard;Ljava/lang/Boolean;)V+5
j  org.uqbar.project.wollok.game.gameboard.Gameboard.start(Ljava/lang/Boolean;)V+13
j  wollok.game.GameObject.doStart(Ljava/lang/Boolean;)V+12
v  ~StubRoutines::call_stub
J 3730  sun.reflect.NativeMethodAccessorImpl.invoke0(Ljava/lang/reflect/Method;Ljava/lang/Object;[Ljava/lang/Object;)Ljava/lang/Object; (0 bytes) @ 0x0000000003acaf3f [0x0000000003acaec0+0x7f]
J 3729 C1 sun.reflect.NativeMethodAccessorImpl.invoke(Ljava/lang/Object;[Ljava/lang/Object;)Ljava/lang/Object; (104 bytes) @ 0x0000000003ad1b24 [0x0000000003ad0980+0x11a4]
J 3782 C2 java.lang.reflect.Method.invoke(Ljava/lang/Object;[Ljava/lang/Object;)Ljava/lang/Object; (62 bytes) @ 0x0000000003b2c560 [0x0000000003b2c4e0+0x80]
J 3879 C1 org.uqbar.project.wollok.ui.utils.XTendUtilExtensions.invokeConvertingArgs(Ljava/lang/reflect/Method;Ljava/lang/Object;[Ljava/lang/Object;)Lorg/uqbar/project/wollok/interpreter/core/WollokObject; (378 bytes) @ 0x0000000003b68ae4 [0x0000000003b66e80+0x1c64]
J 3752 C1 org.uqbar.project.wollok.interpreter.AbstractWollokCallable._invokeNative(Ljava/lang/Object;Ljava/lang/String;[Lorg/uqbar/project/wollok/interpreter/core/WollokObject;)Lorg/uqbar/project/wollok/interpreter/core/WollokObject; (49 bytes) @ 0x0000000003aeede4 [0x0000000003aeeb40+0x2a4]
J 3803 C1 org.uqbar.project.wollok.interpreter.AbstractWollokCallable.invokeNative(Ljava/lang/Object;Ljava/lang/String;[Lorg/uqbar/project/wollok/interpreter/core/WollokObject;)Lorg/uqbar/project/wollok/interpreter/core/WollokObject; (76 bytes) @ 0x0000000003b29c6c [0x0000000003b29020+0xc4c]
J 3658 C1 org.uqbar.project.wollok.interpreter.AbstractWollokCallable$1.apply()Lorg/uqbar/project/wollok/interpreter/core/WollokObject; (145 bytes) @ 0x0000000003a5d10c [0x0000000003a5cac0+0x64c]
J 3432 C1 org.uqbar.project.wollok.interpreter.AbstractWollokCallable$1.apply()Ljava/lang/Object; (5 bytes) @ 0x000000000398760c [0x0000000003987580+0x8c]
J 3323 C1 org.uqbar.project.wollok.interpreter.threads.WThread.performOnStack(Lorg/eclipse/emf/ecore/EObject;Lorg/uqbar/project/wollok/interpreter/context/EvaluationContext;Lorg/eclipse/xtext/xbase/lib/Functions$Function0;)Lorg/uqbar/project/wollok/interpreter/core/WollokObject; (163 bytes) @ 0x0000000003944524 [0x00000000039443c0+0x164]
J 3431 C1 org.uqbar.project.wollok.interpreter.AbstractWollokCallable.call(Lorg/uqbar/project/wollok/wollokDsl/WMethodDeclaration;[Lorg/uqbar/project/wollok/interpreter/core/WollokObject;)Lorg/uqbar/project/wollok/interpreter/core/WollokObject; (46 bytes) @ 0x0000000003995bbc [0x0000000003995080+0xb3c]
J 3442 C1 org.uqbar.project.wollok.interpreter.core.WollokObject.call(Ljava/lang/String;[Lorg/uqbar/project/wollok/interpreter/core/WollokObject;)Lorg/uqbar/project/wollok/interpreter/core/WollokObject; (61 bytes) @ 0x000000000399eefc [0x000000000399e840+0x6bc]
J 3648 C1 org.uqbar.project.wollok.interpreter.WollokInterpreterEvaluator._evaluate(Lorg/uqbar/project/wollok/wollokDsl/WFeatureCall;)Lorg/uqbar/project/wollok/interpreter/core/WollokObject; (125 bytes) @ 0x0000000003a49514 [0x0000000003a48380+0x1194]
J 3888 C1 org.uqbar.project.wollok.launch.WollokLauncherInterpreterEvaluator.evaluate(Lorg/eclipse/emf/ecore/EObject;)Lorg/uqbar/project/wollok/interpreter/core/WollokObject; (502 bytes) @ 0x0000000003b8482c [0x0000000003b80680+0x41ac]
J 3688 C1 org.uqbar.project.wollok.interpreter.WollokInterpreter.eval(Lorg/eclipse/emf/ecore/EObject;)Lorg/uqbar/project/wollok/interpreter/core/WollokObject; (190 bytes) @ 0x0000000003a92d4c [0x0000000003a92340+0xa0c]
J 3461 C1 org.uqbar.project.wollok.interpreter.WollokInterpreterEvaluator$1.apply(Ljava/lang/Object;Ljava/lang/Object;)Ljava/lang/Object; (13 bytes) @ 0x00000000039ac364 [0x00000000039abfe0+0x384]
J 3318 C1 org.eclipse.xtext.xbase.lib.IteratorExtensions.fold(Ljava/util/Iterator;Ljava/lang/Object;Lorg/eclipse/xtext/xbase/lib/Functions$Function2;)Ljava/lang/Object; (30 bytes) @ 0x000000000393e564 [0x000000000393e4e0+0x84]
J 3667 C1 org.uqbar.project.wollok.interpreter.WollokInterpreterEvaluator._evaluate(Lorg/uqbar/project/wollok/wollokDsl/WBlockExpression;)Lorg/uqbar/project/wollok/interpreter/core/WollokObject; (40 bytes) @ 0x0000000003a59914 [0x0000000003a58cc0+0xc54]
J 3888 C1 org.uqbar.project.wollok.launch.WollokLauncherInterpreterEvaluator.evaluate(Lorg/eclipse/emf/ecore/EObject;)Lorg/uqbar/project/wollok/interpreter/core/WollokObject; (502 bytes) @ 0x0000000003b88004 [0x0000000003b80680+0x7984]
J 3688 C1 org.uqbar.project.wollok.interpreter.WollokInterpreter.eval(Lorg/eclipse/emf/ecore/EObject;)Lorg/uqbar/project/wollok/interpreter/core/WollokObject; (190 bytes) @ 0x0000000003a92d4c [0x0000000003a92340+0xa0c]
J 3658 C1 org.uqbar.project.wollok.interpreter.AbstractWollokCallable$1.apply()Lorg/uqbar/project/wollok/interpreter/core/WollokObject; (145 bytes) @ 0x0000000003a5d424 [0x0000000003a5cac0+0x964]
J 3432 C1 org.uqbar.project.wollok.interpreter.AbstractWollokCallable$1.apply()Ljava/lang/Object; (5 bytes) @ 0x000000000398760c [0x0000000003987580+0x8c]
J 3323 C1 org.uqbar.project.wollok.interpreter.threads.WThread.performOnStack(Lorg/eclipse/emf/ecore/EObject;Lorg/uqbar/project/wollok/interpreter/context/EvaluationContext;Lorg/eclipse/xtext/xbase/lib/Functions$Function0;)Lorg/uqbar/project/wollok/interpreter/core/WollokObject; (163 bytes) @ 0x0000000003944524 [0x00000000039443c0+0x164]
J 3431 C1 org.uqbar.project.wollok.interpreter.AbstractWollokCallable.call(Lorg/uqbar/project/wollok/wollokDsl/WMethodDeclaration;[Lorg/uqbar/project/wollok/interpreter/core/WollokObject;)Lorg/uqbar/project/wollok/interpreter/core/WollokObject; (46 bytes) @ 0x0000000003995bbc [0x0000000003995080+0xb3c]
J 3442 C1 org.uqbar.project.wollok.interpreter.core.WollokObject.call(Ljava/lang/String;[Lorg/uqbar/project/wollok/interpreter/core/WollokObject;)Lorg/uqbar/project/wollok/interpreter/core/WollokObject; (61 bytes) @ 0x000000000399eefc [0x000000000399e840+0x6bc]
J 3648 C1 org.uqbar.project.wollok.interpreter.WollokInterpreterEvaluator._evaluate(Lorg/uqbar/project/wollok/wollokDsl/WFeatureCall;)Lorg/uqbar/project/wollok/interpreter/core/WollokObject; (125 bytes) @ 0x0000000003a49514 [0x0000000003a48380+0x1194]
J 3888 C1 org.uqbar.project.wollok.launch.WollokLauncherInterpreterEvaluator.evaluate(Lorg/eclipse/emf/ecore/EObject;)Lorg/uqbar/project/wollok/interpreter/core/WollokObject; (502 bytes) @ 0x0000000003b8482c [0x0000000003b80680+0x41ac]
J 3688 C1 org.uqbar.project.wollok.interpreter.WollokInterpreter.eval(Lorg/eclipse/emf/ecore/EObject;)Lorg/uqbar/project/wollok/interpreter/core/WollokObject; (190 bytes) @ 0x0000000003a92d4c [0x0000000003a92340+0xa0c]
J 3461 C1 org.uqbar.project.wollok.interpreter.WollokInterpreterEvaluator$1.apply(Ljava/lang/Object;Ljava/lang/Object;)Ljava/lang/Object; (13 bytes) @ 0x00000000039ac364 [0x00000000039abfe0+0x384]
j  org.eclipse.xtext.xbase.lib.IteratorExtensions.fold(Ljava/util/Iterator;Ljava/lang/Object;Lorg/eclipse/xtext/xbase/lib/Functions$Function2;)Ljava/lang/Object;+19
j  org.eclipse.xtext.xbase.lib.IterableExtensions.fold(Ljava/lang/Iterable;Ljava/lang/Object;Lorg/eclipse/xtext/xbase/lib/Functions$Function2;)Ljava/lang/Object;+8
j  org.uqbar.project.wollok.interpreter.WollokInterpreterEvaluator.evalAll(Ljava/lang/Iterable;)Lorg/uqbar/project/wollok/interpreter/core/WollokObject;+12
j  org.uqbar.project.wollok.interpreter.WollokInterpreterEvaluator._evaluate(Lorg/uqbar/project/wollok/wollokDsl/WProgram;)Lorg/uqbar/project/wollok/interpreter/core/WollokObject;+18
j  org.uqbar.project.wollok.launch.WollokLauncherInterpreterEvaluator.evaluate(Lorg/eclipse/emf/ecore/EObject;)Lorg/uqbar/project/wollok/interpreter/core/WollokObject;+444
j  org.uqbar.project.wollok.interpreter.WollokInterpreterEvaluator.evaluate(Lorg/eclipse/emf/ecore/EObject;)Ljava/lang/Object;+2
j  org.uqbar.project.wollok.interpreter.WollokInterpreter.eval(Lorg/eclipse/emf/ecore/EObject;)Lorg/uqbar/project/wollok/interpreter/core/WollokObject;+63
j  org.uqbar.project.wollok.interpreter.WollokInterpreterEvaluator.eval(Lorg/eclipse/emf/ecore/EObject;)Lorg/uqbar/project/wollok/interpreter/core/WollokObject;+5
j  org.uqbar.project.wollok.launch.WollokLauncherInterpreterEvaluator._evaluate(Lorg/uqbar/project/wollok/wollokDsl/WFile;)Lorg/uqbar/project/wollok/interpreter/core/WollokObject;+32
j  org.uqbar.project.wollok.launch.WollokLauncherInterpreterEvaluator.evaluate(Lorg/eclipse/emf/ecore/EObject;)Lorg/uqbar/project/wollok/interpreter/core/WollokObject;+428
j  org.uqbar.project.wollok.interpreter.WollokInterpreterEvaluator.evaluate(Lorg/eclipse/emf/ecore/EObject;)Ljava/lang/Object;+2
j  org.uqbar.project.wollok.interpreter.WollokInterpreter.interpret(Lorg/eclipse/emf/ecore/EObject;Ljava/lang/Boolean;)Lorg/uqbar/project/wollok/interpreter/core/WollokObject;+25
j  org.uqbar.project.wollok.interpreter.WollokInterpreter.interpret(Lorg/eclipse/emf/ecore/EObject;)Lorg/uqbar/project/wollok/interpreter/core/WollokObject;+8
j  org.uqbar.project.wollok.launch.WollokLauncher.doSomething(Lorg/uqbar/project/wollok/wollokDsl/WFile;Lcom/google/inject/Injector;Ljava/io/File;Lorg/uqbar/project/wollok/launch/WollokLauncherParameters;)V+57
j  org.uqbar.project.wollok.launch.WollokChecker.launch(Ljava/lang/String;Lorg/uqbar/project/wollok/launch/WollokLauncherParameters;)V+31
j  org.uqbar.project.wollok.launch.WollokChecker.doMain([Ljava/lang/String;)V+213
j  org.uqbar.project.wollok.launch.WollokLauncher.main([Ljava/lang/String;)V+8
v  ~StubRoutines::call_stub

---------------  P R O C E S S  ---------------

Java Threads: ( => current thread )
  0x000000001a0ab000 JavaThread "com.google.inject.internal.util.$Finalizer" daemon [_thread_blocked, id=13468, stack(0x000000001b610000,0x000000001b710000)]
  0x000000001a7b7800 JavaThread "EMF Reference Cleaner" daemon [_thread_blocked, id=14876, stack(0x000000001b310000,0x000000001b410000)]
  0x000000001958a800 JavaThread "Service Thread" daemon [_thread_blocked, id=3960, stack(0x0000000019940000,0x0000000019a40000)]
  0x0000000017ae6000 JavaThread "C1 CompilerThread2" daemon [_thread_blocked, id=10740, stack(0x0000000019440000,0x0000000019540000)]
  0x0000000017adc000 JavaThread "C2 CompilerThread1" daemon [_thread_blocked, id=13776, stack(0x0000000019340000,0x0000000019440000)]
  0x0000000017ad9800 JavaThread "C2 CompilerThread0" daemon [_thread_blocked, id=80, stack(0x0000000019240000,0x0000000019340000)]
  0x0000000017ad7800 JavaThread "Attach Listener" daemon [_thread_blocked, id=3028, stack(0x0000000019140000,0x0000000019240000)]
  0x0000000017ad4800 JavaThread "Signal Dispatcher" daemon [_thread_blocked, id=13736, stack(0x0000000019040000,0x0000000019140000)]
  0x0000000002f0e000 JavaThread "Finalizer" daemon [_thread_blocked, id=4120, stack(0x0000000018d20000,0x0000000018e20000)]
  0x0000000002f09000 JavaThread "Reference Handler" daemon [_thread_blocked, id=10344, stack(0x0000000018c20000,0x0000000018d20000)]
=>0x0000000002e16800 JavaThread "main" [_thread_in_native, id=13608, stack(0x0000000002c70000,0x0000000002d70000)]

Other Threads:
  0x0000000017a97800 VMThread [stack: 0x0000000018b20000,0x0000000018c20000] [id=7676]
  0x00000000195ad000 WatcherThread [stack: 0x0000000019a40000,0x0000000019b40000] [id=10436]

VM state:not at safepoint (normal execution)

VM Mutex/Monitor currently owned by a thread: None

heap address: 0x0000000080a00000, size: 2038 MB, Compressed Oops mode: 32-bit
Narrow klass base: 0x0000000000000000, Narrow klass shift: 3
Compressed class space size: 1073741824 Address: 0x0000000100000000

Heap:
 PSYoungGen      total 146432K, used 24206K [0x00000000d5900000, 0x00000000df700000, 0x0000000100000000)
  eden space 132608K, 14% used [0x00000000d5900000,0x00000000d6b2b918,0x00000000dda80000)
  from space 13824K, 40% used [0x00000000de880000,0x00000000dedf8050,0x00000000df600000)
  to   space 14336K, 0% used [0x00000000dda80000,0x00000000dda80000,0x00000000de880000)
 ParOldGen       total 87552K, used 24146K [0x0000000080a00000, 0x0000000085f80000, 0x00000000d5900000)
  object space 87552K, 27% used [0x0000000080a00000,0x0000000082194ae0,0x0000000085f80000)
 Metaspace       used 20607K, capacity 20846K, committed 20864K, reserved 1067008K
  class space    used 2619K, capacity 2677K, committed 2688K, reserved 1048576K

Card table byte_map: [0x00000000122d0000,0x00000000126d0000] byte_map_base: 0x0000000011ecb000

Marking Bits: (ParMarkBitMap*) 0x000000006bb85ce0
 Begin Bits: [0x0000000012d80000, 0x0000000014d58000)
 End Bits:   [0x0000000014d58000, 0x0000000016d30000)

Polling page: 0x0000000002ab0000

CodeCache: size=245760Kb used=13028Kb max_used=13053Kb free=232731Kb
 bounds [0x0000000002f10000, 0x0000000003be0000, 0x0000000011f10000]
 total_blobs=4374 nmethods=3952 adapters=333
 compilation: enabled

Compilation events (10 events):
Event: 2.554 Thread 0x0000000017ae6000 3954       3       java.io.WinNTFileSystem::normalize (143 bytes)
Event: 2.554 Thread 0x0000000017ae6000 nmethod 3954 0x0000000003bc6e90 code [0x0000000003bc7080, 0x0000000003bc78a8]
Event: 2.558 Thread 0x0000000017ae6000 3955       3       java.nio.DirectByteBuffer::put (18 bytes)
Event: 2.558 Thread 0x0000000017ae6000 nmethod 3955 0x0000000003bc6410 code [0x0000000003bc6580, 0x0000000003bc67f0]
Event: 2.558 Thread 0x0000000017ae6000 3956       3       java.nio.DirectByteBuffer::ix (10 bytes)
Event: 2.559 Thread 0x0000000017ae6000 nmethod 3956 0x0000000003bc6110 code [0x0000000003bc6260, 0x0000000003bc63b0]
Event: 2.559 Thread 0x0000000017ae6000 3958       3       java.nio.DirectByteBuffer::put (18 bytes)
Event: 2.559 Thread 0x0000000017ae6000 nmethod 3958 0x0000000003bc5c10 code [0x0000000003bc5d80, 0x0000000003bc5ff0]
Event: 2.559 Thread 0x0000000017ae6000 3959       1       java.nio.DirectByteBuffer::ix (10 bytes)
Event: 2.559 Thread 0x0000000017ae6000 nmethod 3959 0x0000000003bc5950 code [0x0000000003bc5aa0, 0x0000000003bc5bb0]

GC Heap History (10 events):
Event: 0.653 GC heap before
{Heap before GC invocations=2 (full 0):
 PSYoungGen      total 38400K, used 38399K [0x00000000d5900000, 0x00000000d8380000, 0x0000000100000000)
  eden space 33280K, 100% used [0x00000000d5900000,0x00000000d7980000,0x00000000d7980000)
  from space 5120K, 99% used [0x00000000d7980000,0x00000000d7e7ff78,0x00000000d7e80000)
  to   space 5120K, 0% used [0x00000000d7e80000,0x00000000d7e80000,0x00000000d8380000)
 ParOldGen       total 87552K, used 987K [0x0000000080a00000, 0x0000000085f80000, 0x00000000d5900000)
  object space 87552K, 1% used [0x0000000080a00000,0x0000000080af6ed0,0x0000000085f80000)
 Metaspace       used 9001K, capacity 9102K, committed 9216K, reserved 1056768K
  class space    used 1112K, capacity 1173K, committed 1280K, reserved 1048576K
Event: 0.658 GC heap after
Heap after GC invocations=2 (full 0):
 PSYoungGen      total 38400K, used 5111K [0x00000000d5900000, 0x00000000da400000, 0x0000000100000000)
  eden space 33280K, 0% used [0x00000000d5900000,0x00000000d5900000,0x00000000d7980000)
  from space 5120K, 99% used [0x00000000d7e80000,0x00000000d837ddc0,0x00000000d8380000)
  to   space 5120K, 0% used [0x00000000d7980000,0x00000000d7980000,0x00000000d7e80000)
 ParOldGen       total 87552K, used 6516K [0x0000000080a00000, 0x0000000085f80000, 0x00000000d5900000)
  object space 87552K, 7% used [0x0000000080a00000,0x000000008105d2d0,0x0000000085f80000)
 Metaspace       used 9001K, capacity 9102K, committed 9216K, reserved 1056768K
  class space    used 1112K, capacity 1173K, committed 1280K, reserved 1048576K
}
Event: 0.881 GC heap before
{Heap before GC invocations=3 (full 0):
 PSYoungGen      total 38400K, used 38391K [0x00000000d5900000, 0x00000000da400000, 0x0000000100000000)
  eden space 33280K, 100% used [0x00000000d5900000,0x00000000d7980000,0x00000000d7980000)
  from space 5120K, 99% used [0x00000000d7e80000,0x00000000d837ddc0,0x00000000d8380000)
  to   space 5120K, 0% used [0x00000000d7980000,0x00000000d7980000,0x00000000d7e80000)
 ParOldGen       total 87552K, used 6516K [0x0000000080a00000, 0x0000000085f80000, 0x00000000d5900000)
  object space 87552K, 7% used [0x0000000080a00000,0x000000008105d2d0,0x0000000085f80000)
 Metaspace       used 12005K, capacity 12120K, committed 12416K, reserved 1060864K
  class space    used 1558K, capacity 1596K, committed 1664K, reserved 1048576K
Event: 0.887 GC heap after
Heap after GC invocations=3 (full 0):
 PSYoungGen      total 38400K, used 5088K [0x00000000d5900000, 0x00000000da400000, 0x0000000100000000)
  eden space 33280K, 0% used [0x00000000d5900000,0x00000000d5900000,0x00000000d7980000)
  from space 5120K, 99% used [0x00000000d7980000,0x00000000d7e78010,0x00000000d7e80000)
  to   space 5120K, 0% used [0x00000000d9f00000,0x00000000d9f00000,0x00000000da400000)
 ParOldGen       total 87552K, used 12257K [0x0000000080a00000, 0x0000000085f80000, 0x00000000d5900000)
  object space 87552K, 14% used [0x0000000080a00000,0x00000000815f8630,0x0000000085f80000)
 Metaspace       used 12005K, capacity 12120K, committed 12416K, reserved 1060864K
  class space    used 1558K, capacity 1596K, committed 1664K, reserved 1048576K
}
Event: 1.196 GC heap before
{Heap before GC invocations=4 (full 0):
 PSYoungGen      total 38400K, used 38368K [0x00000000d5900000, 0x00000000da400000, 0x0000000100000000)
  eden space 33280K, 100% used [0x00000000d5900000,0x00000000d7980000,0x00000000d7980000)
  from space 5120K, 99% used [0x00000000d7980000,0x00000000d7e78010,0x00000000d7e80000)
  to   space 5120K, 0% used [0x00000000d9f00000,0x00000000d9f00000,0x00000000da400000)
 ParOldGen       total 87552K, used 12257K [0x0000000080a00000, 0x0000000085f80000, 0x00000000d5900000)
  object space 87552K, 14% used [0x0000000080a00000,0x00000000815f8630,0x0000000085f80000)
 Metaspace       used 16212K, capacity 16342K, committed 16640K, reserved 1062912K
  class space    used 2161K, capacity 2209K, committed 2304K, reserved 1048576K
Event: 1.204 GC heap after
Heap after GC invocations=4 (full 0):
 PSYoungGen      total 71680K, used 5104K [0x00000000d5900000, 0x00000000da400000, 0x0000000100000000)
  eden space 66560K, 0% used [0x00000000d5900000,0x00000000d5900000,0x00000000d9a00000)
  from space 5120K, 99% used [0x00000000d9f00000,0x00000000da3fc030,0x00000000da400000)
  to   space 5120K, 0% used [0x00000000d9a00000,0x00000000d9a00000,0x00000000d9f00000)
 ParOldGen       total 87552K, used 18787K [0x0000000080a00000, 0x0000000085f80000, 0x00000000d5900000)
  object space 87552K, 21% used [0x0000000080a00000,0x0000000081c58f80,0x0000000085f80000)
 Metaspace       used 16212K, capacity 16342K, committed 16640K, reserved 1062912K
  class space    used 2161K, capacity 2209K, committed 2304K, reserved 1048576K
}
Event: 1.985 GC heap before
{Heap before GC invocations=5 (full 0):
 PSYoungGen      total 71680K, used 71664K [0x00000000d5900000, 0x00000000da400000, 0x0000000100000000)
  eden space 66560K, 100% used [0x00000000d5900000,0x00000000d9a00000,0x00000000d9a00000)
  from space 5120K, 99% used [0x00000000d9f00000,0x00000000da3fc030,0x00000000da400000)
  to   space 5120K, 0% used [0x00000000d9a00000,0x00000000d9a00000,0x00000000d9f00000)
 ParOldGen       total 87552K, used 18787K [0x0000000080a00000, 0x0000000085f80000, 0x00000000d5900000)
  object space 87552K, 21% used [0x0000000080a00000,0x0000000081c58f80,0x0000000085f80000)
 Metaspace       used 19286K, capacity 19514K, committed 19840K, reserved 1067008K
  class space    used 2499K, capacity 2567K, committed 2688K, reserved 1048576K
Event: 1.996 GC heap after
Heap after GC invocations=5 (full 0):
 PSYoungGen      total 71680K, used 5088K [0x00000000d5900000, 0x00000000df600000, 0x0000000100000000)
  eden space 66560K, 0% used [0x00000000d5900000,0x00000000d5900000,0x00000000d9a00000)
  from space 5120K, 99% used [0x00000000d9a00000,0x00000000d9ef8050,0x00000000d9f00000)
  to   space 13824K, 0% used [0x00000000de880000,0x00000000de880000,0x00000000df600000)
 ParOldGen       total 87552K, used 24138K [0x0000000080a00000, 0x0000000085f80000, 0x00000000d5900000)
  object space 87552K, 27% used [0x0000000080a00000,0x0000000082192ae0,0x0000000085f80000)
 Metaspace       used 19286K, capacity 19514K, committed 19840K, reserved 1067008K
  class space    used 2499K, capacity 2567K, committed 2688K, reserved 1048576K
}
Event: 2.379 GC heap before
{Heap before GC invocations=6 (full 0):
 PSYoungGen      total 71680K, used 71648K [0x00000000d5900000, 0x00000000df600000, 0x0000000100000000)
  eden space 66560K, 100% used [0x00000000d5900000,0x00000000d9a00000,0x00000000d9a00000)
  from space 5120K, 99% used [0x00000000d9a00000,0x00000000d9ef8050,0x00000000d9f00000)
  to   space 13824K, 0% used [0x00000000de880000,0x00000000de880000,0x00000000df600000)
 ParOldGen       total 87552K, used 24138K [0x0000000080a00000, 0x0000000085f80000, 0x00000000d5900000)
  object space 87552K, 27% used [0x0000000080a00000,0x0000000082192ae0,0x0000000085f80000)
 Metaspace       used 19617K, capacity 19894K, committed 20096K, reserved 1067008K
  class space    used 2509K, capacity 2577K, committed 2688K, reserved 1048576K
Event: 2.391 GC heap after
Heap after GC invocations=6 (full 0):
 PSYoungGen      total 146432K, used 5600K [0x00000000d5900000, 0x00000000df700000, 0x0000000100000000)
  eden space 132608K, 0% used [0x00000000d5900000,0x00000000d5900000,0x00000000dda80000)
  from space 13824K, 40% used [0x00000000de880000,0x00000000dedf8050,0x00000000df600000)
  to   space 14336K, 0% used [0x00000000dda80000,0x00000000dda80000,0x00000000de880000)
 ParOldGen       total 87552K, used 24146K [0x0000000080a00000, 0x0000000085f80000, 0x00000000d5900000)
  object space 87552K, 27% used [0x0000000080a00000,0x0000000082194ae0,0x0000000085f80000)
 Metaspace       used 19617K, capacity 19894K, committed 20096K, reserved 1067008K
  class space    used 2509K, capacity 2577K, committed 2688K, reserved 1048576K
}

Deoptimization events (10 events):
Event: 2.085 Thread 0x0000000002e16800 Uncommon trap: reason=array_check action=maybe_recompile pc=0x0000000003966ae8 method=java.util.AbstractCollection.toArray([Ljava/lang/Object;)[Ljava/lang/Object; @ 119
Event: 2.086 Thread 0x0000000002e16800 Uncommon trap: reason=array_check action=maybe_recompile pc=0x0000000003966ae8 method=java.util.AbstractCollection.toArray([Ljava/lang/Object;)[Ljava/lang/Object; @ 119
Event: 2.086 Thread 0x0000000002e16800 Uncommon trap: reason=array_check action=maybe_recompile pc=0x0000000003966ae8 method=java.util.AbstractCollection.toArray([Ljava/lang/Object;)[Ljava/lang/Object; @ 119
Event: 2.087 Thread 0x0000000002e16800 Uncommon trap: reason=array_check action=maybe_recompile pc=0x0000000003966ae8 method=java.util.AbstractCollection.toArray([Ljava/lang/Object;)[Ljava/lang/Object; @ 119
Event: 2.391 Thread 0x0000000002e16800 Uncommon trap: reason=unstable_if action=reinterpret pc=0x000000000397fdf8 method=org.eclipse.emf.common.util.Pool.access(ZLorg/eclipse/emf/common/util/Pool$AccessUnit;)V @ 48
Event: 2.391 Thread 0x0000000002e16800 Uncommon trap: reason=unstable_if action=reinterpret pc=0x0000000003965ff8 method=org.eclipse.emf.common.util.Pool.access(ZLorg/eclipse/emf/common/util/Pool$AccessUnit;)V @ 48
Event: 2.438 Thread 0x0000000002e16800 Uncommon trap: reason=unstable_if action=reinterpret pc=0x0000000003b23bf0 method=org.eclipse.emf.common.util.URI$Hierarchical.getCachedString()Ljava/lang/String; @ 6
Event: 2.463 Thread 0x0000000002e16800 Uncommon trap: reason=unstable_if action=reinterpret pc=0x0000000003b15b34 method=java.io.WinNTFileSystem.normalize(Ljava/lang/String;)Ljava/lang/String; @ 49
Event: 2.466 Thread 0x0000000002e16800 Uncommon trap: reason=bimorphic action=maybe_recompile pc=0x0000000003b9e6ec method=java.util.Collections$UnmodifiableCollection$1.hasNext()Z @ 4
Event: 2.469 Thread 0x0000000002e16800 Uncommon trap: reason=unstable_if action=reinterpret pc=0x00000000034f8760 method=sun.security.provider.DigestBase.engineUpdate([BII)V @ 1

Classes redefined (0 events):
No events

Internal exceptions (10 events):
Event: 1.801 Thread 0x0000000002e16800 Exception <a 'java/lang/reflect/InvocationTargetException'> (0x00000000d87f40d0) thrown at [C:\re\workspace\8-2-build-windows-amd64-cygwin\jdk8u221\13320\hotspot\src\share\vm\runtime\reflection.cpp, line 1092]
Event: 1.801 Thread 0x0000000002e16800 Exception <a 'java/lang/reflect/InvocationTargetException'> (0x00000000d88122b8) thrown at [C:\re\workspace\8-2-build-windows-amd64-cygwin\jdk8u221\13320\hotspot\src\share\vm\runtime\reflection.cpp, line 1092]
Event: 1.802 Thread 0x0000000002e16800 Exception <a 'java/lang/reflect/InvocationTargetException'> (0x00000000d88304e0) thrown at [C:\re\workspace\8-2-build-windows-amd64-cygwin\jdk8u221\13320\hotspot\src\share\vm\runtime\reflection.cpp, line 1092]
Event: 2.438 Thread 0x0000000002e16800 Implicit null exception at 0x0000000003b23b90 to 0x0000000003b23bdd
Event: 2.563 Thread 0x0000000002e16800 Exception <a 'java/security/PrivilegedActionException'> (0x00000000d692b0c8) thrown at [C:\re\workspace\8-2-build-windows-amd64-cygwin\jdk8u221\13320\hotspot\src\share\vm\prims\jvm.cpp, line 1502]
Event: 2.563 Thread 0x0000000002e16800 Exception <a 'java/security/PrivilegedActionException'> (0x00000000d692c5f8) thrown at [C:\re\workspace\8-2-build-windows-amd64-cygwin\jdk8u221\13320\hotspot\src\share\vm\prims\jvm.cpp, line 1502]
Event: 2.563 Thread 0x0000000002e16800 Exception <a 'java/security/PrivilegedActionException'> (0x00000000d692da28) thrown at [C:\re\workspace\8-2-build-windows-amd64-cygwin\jdk8u221\13320\hotspot\src\share\vm\prims\jvm.cpp, line 1502]
Event: 2.563 Thread 0x0000000002e16800 Exception <a 'java/security/PrivilegedActionException'> (0x00000000d692f0e8) thrown at [C:\re\workspace\8-2-build-windows-amd64-cygwin\jdk8u221\13320\hotspot\src\share\vm\prims\jvm.cpp, line 1502]
Event: 2.563 Thread 0x0000000002e16800 Exception <a 'java/security/PrivilegedActionException'> (0x00000000d69304e0) thrown at [C:\re\workspace\8-2-build-windows-amd64-cygwin\jdk8u221\13320\hotspot\src\share\vm\prims\jvm.cpp, line 1502]
Event: 2.563 Thread 0x0000000002e16800 Exception <a 'java/security/PrivilegedActionException'> (0x00000000d69318a8) thrown at [C:\re\workspace\8-2-build-windows-amd64-cygwin\jdk8u221\13320\hotspot\src\share\vm\prims\jvm.cpp, line 1502]

Events (10 events):
Event: 2.578 loading class org/lwjgl/openal/ALCdevice
Event: 2.578 loading class org/lwjgl/openal/ALCdevice done
Event: 2.578 loading class org/lwjgl/openal/ALCcontext
Event: 2.578 loading class org/lwjgl/openal/ALCcontext done
Event: 2.579 loading class java/nio/DirectIntBufferU
Event: 2.579 loading class java/nio/DirectIntBufferU done
Event: 2.579 loading class org/lwjgl/openal/Util
Event: 2.579 loading class org/lwjgl/openal/Util done
Event: 2.579 loading class org/lwjgl/openal/OpenALException
Event: 2.579 loading class org/lwjgl/openal/OpenALException done


Dynamic libraries:
0x00007ff622bf0000 - 0x00007ff622c27000 	C:\Program Files\Java\jre1.8.0_221\bin\javaw.exe
0x00007ffaf2500000 - 0x00007ffaf26f0000 	C:\WINDOWS\SYSTEM32\ntdll.dll
0x00007ffaf19b0000 - 0x00007ffaf1a62000 	C:\WINDOWS\System32\KERNEL32.DLL
0x00007ffaef800000 - 0x00007ffaefaa3000 	C:\WINDOWS\System32\KERNELBASE.dll
0x00007ffaf20d0000 - 0x00007ffaf2173000 	C:\WINDOWS\System32\ADVAPI32.dll
0x00007ffaf0710000 - 0x00007ffaf07ae000 	C:\WINDOWS\System32\msvcrt.dll
0x00007ffaf1880000 - 0x00007ffaf1917000 	C:\WINDOWS\System32\sechost.dll
0x00007ffaf08f0000 - 0x00007ffaf0a10000 	C:\WINDOWS\System32\RPCRT4.dll
0x00007ffaf1ca0000 - 0x00007ffaf1e34000 	C:\WINDOWS\System32\USER32.dll
0x00007ffaefd20000 - 0x00007ffaefd41000 	C:\WINDOWS\System32\win32u.dll
0x00007ffaf0f80000 - 0x00007ffaf0fa6000 	C:\WINDOWS\System32\GDI32.dll
0x00007ffaef490000 - 0x00007ffaef624000 	C:\WINDOWS\System32\gdi32full.dll
0x00007ffaefab0000 - 0x00007ffaefb4e000 	C:\WINDOWS\System32\msvcp_win.dll
0x00007ffaef6b0000 - 0x00007ffaef7aa000 	C:\WINDOWS\System32\ucrtbase.dll
0x00007ffae1720000 - 0x00007ffae19a5000 	C:\WINDOWS\WinSxS\amd64_microsoft.windows.common-controls_6595b64144ccf1df_6.0.18362.418_none_e6c6b287130d565d\COMCTL32.dll
0x00007ffaf2180000 - 0x00007ffaf24b6000 	C:\WINDOWS\System32\combase.dll
0x00007ffaef630000 - 0x00007ffaef6b0000 	C:\WINDOWS\System32\bcryptPrimitives.dll
0x00007ffaf05b0000 - 0x00007ffaf05de000 	C:\WINDOWS\System32\IMM32.DLL
0x000000006c1f0000 - 0x000000006c2c2000 	C:\Program Files\Java\jre1.8.0_221\bin\msvcr100.dll
0x000000006b360000 - 0x000000006bc05000 	C:\Program Files\Java\jre1.8.0_221\bin\server\jvm.dll
0x00007ffaf20c0000 - 0x00007ffaf20c8000 	C:\WINDOWS\System32\PSAPI.DLL
0x00007ffadc1a0000 - 0x00007ffadc1a9000 	C:\WINDOWS\SYSTEM32\WSOCK32.dll
0x00007ffaf1810000 - 0x00007ffaf187f000 	C:\WINDOWS\System32\WS2_32.dll
0x00007ffaed340000 - 0x00007ffaed364000 	C:\WINDOWS\SYSTEM32\WINMM.dll
0x00007ffaea950000 - 0x00007ffaea95a000 	C:\WINDOWS\SYSTEM32\VERSION.dll
0x00007ffaecec0000 - 0x00007ffaeceed000 	C:\WINDOWS\SYSTEM32\WINMMBASE.dll
0x00007ffaef7b0000 - 0x00007ffaef7fa000 	C:\WINDOWS\System32\cfgmgr32.dll
0x00007ffaed510000 - 0x00007ffaed51f000 	C:\Program Files\Java\jre1.8.0_221\bin\verify.dll
0x00007ffae51f0000 - 0x00007ffae5219000 	C:\Program Files\Java\jre1.8.0_221\bin\java.dll
0x00007ffae9800000 - 0x00007ffae9816000 	C:\Program Files\Java\jre1.8.0_221\bin\zip.dll
0x00007ffaf0fc0000 - 0x00007ffaf16a5000 	C:\WINDOWS\System32\SHELL32.dll
0x00007ffaf1760000 - 0x00007ffaf1809000 	C:\WINDOWS\System32\shcore.dll
0x00007ffaefd50000 - 0x00007ffaf04cf000 	C:\WINDOWS\System32\windows.storage.dll
0x00007ffaef470000 - 0x00007ffaef48f000 	C:\WINDOWS\System32\profapi.dll
0x00007ffaef400000 - 0x00007ffaef44a000 	C:\WINDOWS\System32\powrprof.dll
0x00007ffaef3d0000 - 0x00007ffaef3e0000 	C:\WINDOWS\System32\UMPDC.dll
0x00007ffaf2060000 - 0x00007ffaf20b2000 	C:\WINDOWS\System32\shlwapi.dll
0x00007ffaef450000 - 0x00007ffaef461000 	C:\WINDOWS\System32\kernel.appcore.dll
0x00007ffaefca0000 - 0x00007ffaefcb7000 	C:\WINDOWS\System32\cryptsp.dll
0x0000000065580000 - 0x0000000065616000 	C:\Users\Santi\AppData\Local\Temp\libgdxSanti\12dfaa03\gdx64.dll
0x00007ffaee7b0000 - 0x00007ffaee7e3000 	C:\WINDOWS\system32\rsaenh.dll
0x00007ffaf04d0000 - 0x00007ffaf04f6000 	C:\WINDOWS\System32\bcrypt.dll
0x00007ffaef2f0000 - 0x00007ffaef315000 	C:\WINDOWS\SYSTEM32\USERENV.dll
0x00007ffaeee10000 - 0x00007ffaeee1c000 	C:\WINDOWS\SYSTEM32\CRYPTBASE.dll
0x00007ffae4a90000 - 0x00007ffae4aaa000 	C:\Program Files\Java\jre1.8.0_221\bin\net.dll
0x00007ffae3860000 - 0x00007ffae3a36000 	C:\WINDOWS\SYSTEM32\urlmon.dll
0x00007ffae40f0000 - 0x00007ffae4396000 	C:\WINDOWS\SYSTEM32\iertutil.dll
0x00007ffaeec40000 - 0x00007ffaeeca7000 	C:\WINDOWS\system32\mswsock.dll
0x00007ffaee950000 - 0x00007ffaee98a000 	C:\WINDOWS\SYSTEM32\IPHLPAPI.DLL
0x00007ffaf0fb0000 - 0x00007ffaf0fb8000 	C:\WINDOWS\System32\NSI.dll
0x00007ffaea7d0000 - 0x00007ffaea7e6000 	C:\WINDOWS\SYSTEM32\dhcpcsvc6.DLL
0x00007ffaea7b0000 - 0x00007ffaea7cc000 	C:\WINDOWS\SYSTEM32\dhcpcsvc.DLL
0x00007ffaee990000 - 0x00007ffaeea5a000 	C:\WINDOWS\SYSTEM32\DNSAPI.dll
0x00007ffae4a70000 - 0x00007ffae4a82000 	C:\Program Files\Java\jre1.8.0_221\bin\nio.dll
0x0000000180000000 - 0x0000000180053000 	C:\Users\Santi\AppData\Local\Temp\libgdxSanti\dc0f0009\lwjgl64.dll
0x00007ffab4e80000 - 0x00007ffab4fd6000 	C:\WINDOWS\SYSTEM32\OPENGL32.dll
0x00007ffacf010000 - 0x00007ffacf03c000 	C:\WINDOWS\SYSTEM32\GLU32.dll
0x00007ffaee040000 - 0x00007ffaee060000 	C:\WINDOWS\SYSTEM32\dxcore.dll
0x0000000002d70000 - 0x0000000002dd4000 	C:\Users\Santi\AppData\Local\Temp\libgdxSanti\dc0f0009\OpenAL64.dll
0x00007ffaf1b40000 - 0x00007ffaf1c96000 	C:\WINDOWS\System32\ole32.dll
0x00007ffaed6b0000 - 0x00007ffaed749000 	C:\WINDOWS\system32\uxtheme.dll
0x00007ffaf16b0000 - 0x00007ffaf1752000 	C:\WINDOWS\System32\clbcatq.dll
0x00007ffac7980000 - 0x00007ffac7a19000 	C:\WINDOWS\SYSTEM32\dsound.dll
0x00007ffae8a70000 - 0x00007ffae8ae2000 	C:\WINDOWS\System32\MMDevApi.dll
0x00007ffaef1d0000 - 0x00007ffaef1fa000 	C:\WINDOWS\System32\DEVOBJ.dll
0x00007ffad6440000 - 0x00007ffad659d000 	C:\WINDOWS\SYSTEM32\AUDIOSES.DLL
0x00007ffaf0640000 - 0x00007ffaf0704000 	C:\WINDOWS\System32\OLEAUT32.dll
0x00007ffaea7f0000 - 0x00007ffaea943000 	C:\WINDOWS\SYSTEM32\wintypes.dll
0x00007ffad65a0000 - 0x00007ffad6794000 	C:\WINDOWS\SYSTEM32\dbghelp.dll

VM Arguments:
jvm_args: -Duser.language=es_AR -Dfile.encoding=UTF-8 
java_command: org.uqbar.project.wollok.launch.WollokLauncher -requestsPort 0 -eventsPort 0 -folder -dontValidate -wf src/bombermanGame.wpgm
java_class_path (initial): C:\Users\Santi\git\2019s2-juego-integrador-bomberman-team\bin;C:\Users\Santi\Downloads\Compressed\wollok-win32.win32.x86_64\plugins\com.ibm.icu_56.1.0.v201601250100.jar;C:\Users\Santi\Downloads\Compressed\wollok-win32.win32.x86_64\plugins\org.eclipse.xtext_2.11.0.v20170130-0808.jar;C:\Users\Santi\Downloads\Compressed\wollok-win32.win32.x86_64\plugins\org.eclipse.emf.ecore.xmi_2.12.0.v20160420-0247.jar;C:\Users\Santi\Downloads\Compressed\wollok-win32.win32.x86_64\plugins\org.eclipse.emf.ecore_2.12.0.v20160420-0247.jar;C:\Users\Santi\Downloads\Compressed\wollok-win32.win32.x86_64\plugins\org.eclipse.emf.common_2.12.0.v20160420-0247.jar;C:\Users\Santi\Downloads\Compressed\wollok-win32.win32.x86_64\plugins\org.antlr.runtime_3.2.0.v201101311130.jar;C:\Users\Santi\Downloads\Compressed\wollok-win32.win32.x86_64\plugins\com.google.inject_3.0.0.v201605172100.jar;C:\Users\Santi\Downloads\Compressed\wollok-win32.win32.x86_64\plugins\org.eclipse.emf.mwe.core_1.5.0.201906111547.jar;C:\Users\Santi\Downloads\Compressed\wollok-win32.win32.x86_64\plugins\org.apache.commons.cli_1.2.0.v201404270220.jar;C:\Users\Santi\Downloads\Compressed\wollok-win32.win32.x86_64\plugins\org.eclipse.emf.mwe2.runtime_2.11.0.201906111547.jar;C:\Users\Santi\Downloads\Compressed\wollok-win32.win32.x86_64\plugins\org.eclipse.emf.mwe.utils_1.5.0.201906111547.jar;C:\Users\Santi\Downloads\Compressed\wollok-win32.win32.x86_64\plugins\org.eclipse.xtext.util_2.11.0.v20170130-0808.jar;C:\Users\Santi\Downloads\Compressed\wollok-win32.win32.x86_64\plugins\com.google.guava_15.0.0.v201403281430.jar;C:\Users\Santi\Downloads\Compressed\wollok-win32.win32.x86_64\plugins\javax.inject_1.0.0.v20091030.jar;C:\Users\Santi\Downloads\Compressed\wollok-win32.win32.x86_64\plugins\org.eclipse.xtext.generator_2.11.0.v20170131-1210.jar;C:\Users\Santi\Downloads\Compressed\wollok-win32.win32.x86_64\plugins\org.eclipse.xtext.xtext.generator_2.11.0.v20170130-0808.jar;C:\Users\Santi\Downloads\Compressed\woll
Launcher Type: SUN_STANDARD

Environment Variables:
PATH=C:/Program Files/Java/jre1.8.0_221/bin/server;C:/Program Files/Java/jre1.8.0_221/bin;C:/Program Files/Java/jre1.8.0_221/lib/amd64;C:\Program Files (x86)\Common Files\Oracle\Java\javapath;C:\Windows\system32;C:\Windows;C:\Windows\System32\Wbem;C:\Windows\System32\WindowsPowerShell\v1.0\;C:\Program Files (x86)\ATI Technologies\ATI.ACE\Core-Static;C:\Program Files (x86)\Streamlink\bin;C:\Program Files (x86)\AMD\ATI.ACE\Core-Static;C:\Program Files (x86)\NVIDIA Corporation\PhysX\Common;C:\WINDOWS\system32;C:\WINDOWS;C:\WINDOWS\System32\Wbem;C:\WINDOWS\System32\WindowsPowerShell\v1.0\;C:\WINDOWS\System32\OpenSSH\;C:\Program Files\NVIDIA Corporation\NVIDIA NvDLISR;C:\Program Files\PuTTY\;%SystemRoot%\system32;%SystemRoot%;%SystemRoot%\System32\Wbem;%SYSTEMROOT%\System32\WindowsPowerShell\v1.0\;%SYSTEMROOT%\System32\OpenSSH\;C:\Users\Santi\AppData\Local\Microsoft\WindowsApps;;C:\Users\Santi\Downloads\Compressed\wollok-win32.win32.x86_64;
USERNAME=Santi
OS=Windows_NT
PROCESSOR_IDENTIFIER=Intel64 Family 6 Model 158 Stepping 9, GenuineIntel



---------------  S Y S T E M  ---------------

OS: Windows 10.0 , 64 bit Build 18362 (10.0.18362.329)

CPU:total 4 (initial active 4) (4 cores per cpu, 1 threads per core) family 6 model 158 stepping 9, cmov, cx8, fxsr, mmx, sse, sse2, sse3, ssse3, sse4.1, sse4.2, popcnt, avx, avx2, aes, clmul, erms, rtm, 3dnowpref, lzcnt, tsc, tscinvbit, bmi1, bmi2, adx

Memory: 4k page, physical 8341640k(3375988k free), swap 14370952k(6403104k free)

vm_info: Java HotSpot(TM) 64-Bit Server VM (25.221-b11) for windows-amd64 JRE (1.8.0_221-b11), built on Jul  4 2019 04:39:29 by "java_re" with MS VC++ 10.0 (VS2010)

time: Thu Nov 07 19:11:44 2019
timezone: Hora estándar de Argentina
elapsed time: 2 seconds (0d 0h 0m 2s)

